<?xml version="1.0" encoding="UTF-8"?>
<!-- Generated by org.testng.reporters.JUnitReportReporter -->
<testsuite hostname="DESKTOP-33C0BU9" failures="0" tests="9" name="parallel.ParallelRun1" time="649.049" errors="0" timestamp="2024-08-11T00:11:18 IST" skipped="0">
  <testcase classname="parallel.ParallelRun1" name="runScenario" time="56.146"/>
  <testcase classname="parallel.ParallelRun1" name="runScenario" time="66.659"/>
  <testcase classname="parallel.ParallelRun1" name="runScenario" time="106.162"/>
  <testcase classname="parallel.ParallelRun1" name="runScenario" time="55.941"/>
  <testcase classname="parallel.ParallelRun1" name="runScenario" time="87.492"/>
  <testcase classname="parallel.ParallelRun1" name="runScenario" time="61.541"/>
  <testcase classname="parallel.ParallelRun1" name="runScenario" time="61.534"/>
  <testcase classname="parallel.ParallelRun1" name="runScenario" time="91.599"/>
  <testcase classname="parallel.ParallelRun1" name="runScenario" time="61.975"/>
</testsuite> <!-- parallel.ParallelRun1 -->
