<?xml version="1.0" encoding="UTF-8"?>
<!-- Generated by org.testng.reporters.JUnitReportReporter -->
<testsuite hostname="DESKTOP-33C0BU9" failures="0" tests="4" name="testrunner.TestRunner2" time="138.574" errors="0" timestamp="2024-08-10T20:12:30 IST" skipped="0">
  <testcase classname="testrunner.TestRunner2" name="runScenario" time="72.304"/>
  <testcase classname="testrunner.TestRunner2" name="runScenario" time="12.002"/>
  <testcase classname="testrunner.TestRunner2" name="runScenario" time="10.299"/>
  <testcase classname="testrunner.TestRunner2" name="runScenario" time="43.969"/>
</testsuite> <!-- testrunner.TestRunner2 -->
