<?xml version="1.0" encoding="UTF-8"?>
<!-- Generated by org.testng.reporters.JUnitReportReporter -->
<testsuite hostname="DESKTOP-33C0BU9" failures="0" tests="9" name="parallel.ParallelRun" time="652.987" errors="0" timestamp="2024-08-10T23:35:33 IST" skipped="0">
  <testcase classname="parallel.ParallelRun" name="runScenario" time="52.505"/>
  <system-out/>
  <testcase classname="parallel.ParallelRun" name="runScenario" time="53.437"/>
  <system-out/>
  <testcase classname="parallel.ParallelRun" name="runScenario" time="90.989"/>
  <system-out/>
  <testcase classname="parallel.ParallelRun" name="runScenario" time="78.694"/>
  <system-out/>
  <testcase classname="parallel.ParallelRun" name="runScenario" time="109.252"/>
  <system-out/>
  <testcase classname="parallel.ParallelRun" name="runScenario" time="58.515"/>
  <system-out/>
  <testcase classname="parallel.ParallelRun" name="runScenario" time="58.136"/>
  <system-out/>
  <testcase classname="parallel.ParallelRun" name="runScenario" time="55.482"/>
  <system-out/>
  <testcase classname="parallel.ParallelRun" name="runScenario" time="95.977"/>
  <system-out/>
</testsuite> <!-- parallel.ParallelRun -->
